# JRE version: OpenJDK Runtime Environment (8.0_112-b06) (build 1.8.0_112-release-b06)
# Java VM: OpenJDK 64-Bit Server VM (25.112-b06 mixed mode windows-amd64 compressed oops)
Heap:
 PSYoungGen      total 161280K, used 38659K [0x00000000e0000000, 0x00000000eaf00000, 0x0000000100000000)
  eden space 146432K, 17% used [0x00000000e0000000,0x00000000e1858220,0x00000000e8f00000)
  from space 14848K, 92% used [0x00000000e9f00000,0x00000000eac68cc8,0x00000000ead80000)
  to   space 16384K, 0% used [0x00000000e8f00000,0x00000000e8f00000,0x00000000e9f00000)
 ParOldGen       total 88064K, used 49168K [0x00000000a0000000, 0x00000000a5600000, 0x00000000e0000000)
  object space 88064K, 55% used [0x00000000a0000000,0x00000000a3004260,0x00000000a5600000)
 Metaspace       used 66127K, capacity 68734K, committed 68992K, reserved 1110016K
  class space    used 8730K, capacity 9266K, committed 9344K, reserved 1048576K
GC Heap History (10 events):
Event: 80.436 GC heap before
{Heap before GC invocations=23 (full 2):
 PSYoungGen      total 107008K, used 107001K [0x00000000e0000000, 0x00000000e7c00000, 0x0000000100000000)
  eden space 98304K, 100% used [0x00000000e0000000,0x00000000e6000000,0x00000000e6000000)
  from space 8704K, 99% used [0x00000000e6b80000,0x00000000e73fe658,0x00000000e7400000)
  to   space 11776K, 0% used [0x00000000e6000000,0x00000000e6000000,0x00000000e6b80000)
 ParOldGen       total 44544K, used 27596K [0x00000000a0000000, 0x00000000a2b80000, 0x00000000e0000000)
  object space 44544K, 61% used [0x00000000a0000000,0x00000000a1af33f0,0x00000000a2b80000)
 Metaspace       used 53860K, capacity 56128K, committed 56192K, reserved 1097728K
  class space    used 7311K, capacity 7807K, committed 7808K, reserved 1048576K
Event: 81.032 GC heap after
Heap after GC invocations=23 (full 2):
 PSYoungGen      total 110080K, used 11744K [0x00000000e0000000, 0x00000000e9900000, 0x0000000100000000)
  eden space 98304K, 0% used [0x00000000e0000000,0x00000000e0000000,0x00000000e6000000)
  from space 11776K, 99% used [0x00000000e6000000,0x00000000e6b78328,0x00000000e6b80000)
  to   space 16384K, 0% used [0x00000000e8900000,0x00000000e8900000,0x00000000e9900000)
 ParOldGen       total 44544K, used 35492K [0x00000000a0000000, 0x00000000a2b80000, 0x00000000e0000000)
  object space 44544K, 79% used [0x00000000a0000000,0x00000000a22a9338,0x00000000a2b80000)
 Metaspace       used 53860K, capacity 56128K, committed 56192K, reserved 1097728K
  class space    used 7311K, capacity 7807K, committed 7808K, reserved 1048576K
}
Event: 86.678 GC heap before
{Heap before GC invocations=24 (full 2):
 PSYoungGen      total 110080K, used 91379K [0x00000000e0000000, 0x00000000e9900000, 0x0000000100000000)
  eden space 98304K, 81% used [0x00000000e0000000,0x00000000e4dc4c68,0x00000000e6000000)
  from space 11776K, 99% used [0x00000000e6000000,0x00000000e6b78328,0x00000000e6b80000)
  to   space 16384K, 0% used [0x00000000e8900000,0x00000000e8900000,0x00000000e9900000)
 ParOldGen       total 44544K, used 35492K [0x00000000a0000000, 0x00000000a2b80000, 0x00000000e0000000)
  object space 44544K, 79% used [0x00000000a0000000,0x00000000a22a9338,0x00000000a2b80000)
 Metaspace       used 56627K, capacity 58942K, committed 59028K, reserved 1099776K
  class space    used 7645K, capacity 8162K, committed 8192K, reserved 1048576K
Event: 86.701 GC heap after
Heap after GC invocations=24 (full 2):
 PSYoungGen      total 134144K, used 6382K [0x00000000e0000000, 0x00000000e9500000, 0x0000000100000000)
  eden space 121856K, 0% used [0x00000000e0000000,0x00000000e0000000,0x00000000e7700000)
  from space 12288K, 51% used [0x00000000e8900000,0x00000000e8f3bae0,0x00000000e9500000)
  to   space 15360K, 0% used [0x00000000e7700000,0x00000000e7700000,0x00000000e8600000)
 ParOldGen       total 46592K, used 45951K [0x00000000a0000000, 0x00000000a2d80000, 0x00000000e0000000)
  object space 46592K, 98% used [0x00000000a0000000,0x00000000a2cdfe08,0x00000000a2d80000)
 Metaspace       used 56627K, capacity 58942K, committed 59028K, reserved 1099776K
  class space    used 7645K, capacity 8162K, committed 8192K, reserved 1048576K
}
Event: 86.701 GC heap before
{Heap before GC invocations=25 (full 3):
 PSYoungGen      total 134144K, used 6382K [0x00000000e0000000, 0x00000000e9500000, 0x0000000100000000)
  eden space 121856K, 0% used [0x00000000e0000000,0x00000000e0000000,0x00000000e7700000)
  from space 12288K, 51% used [0x00000000e8900000,0x00000000e8f3bae0,0x00000000e9500000)
  to   space 15360K, 0% used [0x00000000e7700000,0x00000000e7700000,0x00000000e8600000)
 ParOldGen       total 46592K, used 45951K [0x00000000a0000000, 0x00000000a2d80000, 0x00000000e0000000)
  object space 46592K, 98% used [0x00000000a0000000,0x00000000a2cdfe08,0x00000000a2d80000)
 Metaspace       used 56627K, capacity 58942K, committed 59028K, reserved 1099776K
  class space    used 7645K, capacity 8162K, committed 8192K, reserved 1048576K
Event: 87.141 GC heap after
Heap after GC invocations=25 (full 3):
 PSYoungGen      total 134144K, used 0K [0x00000000e0000000, 0x00000000e9500000, 0x0000000100000000)
  eden space 121856K, 0% used [0x00000000e0000000,0x00000000e0000000,0x00000000e7700000)
  from space 12288K, 0% used [0x00000000e8900000,0x00000000e8900000,0x00000000e9500000)
  to   space 15360K, 0% used [0x00000000e7700000,0x00000000e7700000,0x00000000e8600000)
 ParOldGen       total 88064K, used 44822K [0x00000000a0000000, 0x00000000a5600000, 0x00000000e0000000)
  object space 88064K, 50% used [0x00000000a0000000,0x00000000a2bc5ad0,0x00000000a5600000)
 Metaspace       used 56627K, capacity 58942K, committed 59028K, reserved 1099776K
  class space    used 7645K, capacity 8162K, committed 8192K, reserved 1048576K
}
Event: 174.148 GC heap before
{Heap before GC invocations=26 (full 3):
 PSYoungGen      total 134144K, used 121856K [0x00000000e0000000, 0x00000000e9500000, 0x0000000100000000)
  eden space 121856K, 100% used [0x00000000e0000000,0x00000000e7700000,0x00000000e7700000)
  from space 12288K, 0% used [0x00000000e8900000,0x00000000e8900000,0x00000000e9500000)
  to   space 15360K, 0% used [0x00000000e7700000,0x00000000e7700000,0x00000000e8600000)
 ParOldGen       total 88064K, used 44822K [0x00000000a0000000, 0x00000000a5600000, 0x00000000e0000000)
  object space 88064K, 50% used [0x00000000a0000000,0x00000000a2bc5ad0,0x00000000a5600000)
 Metaspace       used 58105K, capacity 60674K, committed 60928K, reserved 1101824K
  class space    used 7816K, capacity 8346K, committed 8448K, reserved 1048576K
Event: 174.160 GC heap after
Heap after GC invocations=26 (full 3):
 PSYoungGen      total 137216K, used 6215K [0x00000000e0000000, 0x00000000ead80000, 0x0000000100000000)
  eden space 121856K, 0% used [0x00000000e0000000,0x00000000e0000000,0x00000000e7700000)
  from space 15360K, 40% used [0x00000000e7700000,0x00000000e7d11f98,0x00000000e8600000)
  to   space 14848K, 0% used [0x00000000e9f00000,0x00000000e9f00000,0x00000000ead80000)
 ParOldGen       total 88064K, used 44830K [0x00000000a0000000, 0x00000000a5600000, 0x00000000e0000000)
  object space 88064K, 50% used [0x00000000a0000000,0x00000000a2bc7ad0,0x00000000a5600000)
 Metaspace       used 58105K, capacity 60674K, committed 60928K, reserved 1101824K
  class space    used 7816K, capacity 8346K, committed 8448K, reserved 1048576K
}
Event: 185.314 GC heap before
{Heap before GC invocations=27 (full 3):
 PSYoungGen      total 137216K, used 128071K [0x00000000e0000000, 0x00000000ead80000, 0x0000000100000000)
  eden space 121856K, 100% used [0x00000000e0000000,0x00000000e7700000,0x00000000e7700000)
  from space 15360K, 40% used [0x00000000e7700000,0x00000000e7d11f98,0x00000000e8600000)
  to   space 14848K, 0% used [0x00000000e9f00000,0x00000000e9f00000,0x00000000ead80000)
 ParOldGen       total 88064K, used 44830K [0x00000000a0000000, 0x00000000a5600000, 0x00000000e0000000)
  object space 88064K, 50% used [0x00000000a0000000,0x00000000a2bc7ad0,0x00000000a5600000)
 Metaspace       used 66054K, capacity 68670K, committed 68992K, reserved 1110016K
  class space    used 8728K, capacity 9266K, committed 9344K, reserved 1048576K
Event: 185.408 GC heap after
Heap after GC invocations=27 (full 3):
 PSYoungGen      total 161280K, used 13731K [0x00000000e0000000, 0x00000000eaf00000, 0x0000000100000000)
  eden space 146432K, 0% used [0x00000000e0000000,0x00000000e0000000,0x00000000e8f00000)
  from space 14848K, 92% used [0x00000000e9f00000,0x00000000eac68cc8,0x00000000ead80000)
  to   space 16384K, 0% used [0x00000000e8f00000,0x00000000e8f00000,0x00000000e9f00000)
 ParOldGen       total 88064K, used 49168K [0x00000000a0000000, 0x00000000a5600000, 0x00000000e0000000)
  object space 88064K, 55% used [0x00000000a0000000,0x00000000a3004260,0x00000000a5600000)
 Metaspace       used 66054K, capacity 68670K, committed 68992K, reserved 1110016K
  class space    used 8728K, capacity 9266K, committed 9344K, reserved 1048576K
}

